\BOOKMARK [1][-]{section.1}{\376\377\000.\000\040\000I\000n\000t\000r\000o\000d\000u\000c\000t\000i\000o\000n}{}% 1
\BOOKMARK [1][-]{section.2}{\376\377\000.\000\040\000R\000e\000l\000a\000t\000e\000d\000\040\000W\000o\000r\000k}{}% 2
\BOOKMARK [2][-]{subsection.2.1}{\376\377\000.\000\040\000S\000V\000M}{section.2}% 3
\BOOKMARK [2][-]{subsection.2.2}{\376\377\000.\000\040\000C\000N\000N}{section.2}% 4
\BOOKMARK [2][-]{subsection.2.3}{\376\377\000.\000\040\000H\000y\000b\000r\000i\000d}{section.2}% 5
\BOOKMARK [1][-]{section.3}{\376\377\000.\000\040\000D\000a\000t\000a\000s\000e\000t}{}% 6
\BOOKMARK [1][-]{section.4}{\376\377\000.\000\040\000M\000e\000t\000h\000o\000d\000o\000l\000o\000g\000y}{}% 7
\BOOKMARK [2][-]{subsection.4.1}{\376\377\000.\000\040\000A\000r\000c\000h\000i\000t\000e\000c\000t\000u\000r\000e\000s}{section.4}% 8
\BOOKMARK [3][-]{subsubsection.4.1.1}{\376\377\000V\000G\000G}{subsection.4.1}% 9
\BOOKMARK [3][-]{subsubsection.4.1.2}{\376\377\000R\000e\000s\000N\000e\000t}{subsection.4.1}% 10
\BOOKMARK [3][-]{subsubsection.4.1.3}{\376\377\000E\000f\000f\000i\000c\000i\000e\000n\000t\000N\000e\000t}{subsection.4.1}% 11
\BOOKMARK [3][-]{subsubsection.4.1.4}{\376\377\000V\000i\000s\000i\000o\000n\000\040\000T\000r\000a\000n\000s\000f\000o\000r\000m\000e\000r}{subsection.4.1}% 12
\BOOKMARK [3][-]{subsubsection.4.1.5}{\376\377\000S\000w\000i\000n\000\040\000T\000r\000a\000n\000s\000f\000o\000r\000m\000e\000r}{subsection.4.1}% 13
\BOOKMARK [2][-]{subsection.4.2}{\376\377\000.\000\040\000S\000t\000r\000a\000t\000e\000g\000i\000e\000s\000\040\000a\000n\000d\000\040\000T\000e\000c\000h\000n\000i\000q\000u\000e\000s}{section.4}% 14
\BOOKMARK [3][-]{subsubsection.4.2.1}{\376\377\000C\000o\000n\000t\000r\000a\000s\000t\000i\000v\000e\000\040\000L\000e\000a\000r\000n\000i\000n\000g\000\040\000a\000n\000d\000\040\000T\000r\000i\000p\000l\000e\000t\000\040\000L\000o\000s\000s}{subsection.4.2}% 15
\BOOKMARK [3][-]{subsubsection.4.2.2}{\376\377\000T\000r\000a\000n\000s\000f\000e\000r\000\040\000L\000e\000a\000r\000n\000i\000n\000g}{subsection.4.2}% 16
\BOOKMARK [3][-]{subsubsection.4.2.3}{\376\377\000D\000a\000t\000a\000\040\000A\000u\000g\000m\000e\000n\000t\000a\000t\000i\000o\000n}{subsection.4.2}% 17
\BOOKMARK [3][-]{subsubsection.4.2.4}{\376\377\000O\000p\000t\000i\000m\000i\000z\000e\000r\000\040\000a\000n\000d\000\040\000L\000R\000\040\000S\000c\000h\000e\000d\000u\000l\000e\000r}{subsection.4.2}% 18
\BOOKMARK [3][-]{subsubsection.4.2.5}{\376\377\000S\000t\000o\000c\000h\000a\000s\000t\000i\000c\000\040\000W\000e\000i\000g\000h\000t\000\040\000A\000v\000e\000r\000a\000g\000i\000n\000g}{subsection.4.2}% 19
\BOOKMARK [3][-]{subsubsection.4.2.6}{\376\377\000L\000e\000a\000r\000n\000i\000n\000g\000\040\000R\000a\000t\000e\000\040\000F\000i\000n\000d\000e\000r}{subsection.4.2}% 20
\BOOKMARK [3][-]{subsubsection.4.2.7}{\376\377\000A\000u\000t\000o\000m\000a\000t\000i\000c\000\040\000M\000i\000x\000e\000d\000\040\000P\000r\000e\000c\000i\000s\000i\000o\000n\000\040\000a\000n\000d\000\040\000B\000F\000L\000O\000A\000T\0001\0006}{subsection.4.2}% 21
\BOOKMARK [1][-]{section.5}{\376\377\000.\000\040\000E\000x\000p\000e\000r\000i\000m\000e\000n\000t\000s}{}% 22
\BOOKMARK [2][-]{subsection.5.1}{\376\377\000.\000\040\000E\000x\000p\000e\000r\000i\000m\000e\000n\000t\000s\000\040\000E\000n\000v\000i\000r\000o\000n\000m\000e\000n\000t}{section.5}% 23
\BOOKMARK [2][-]{subsection.5.2}{\376\377\000.\000\040\000M\000e\000t\000r\000i\000c\000s}{section.5}% 24
\BOOKMARK [2][-]{subsection.5.3}{\376\377\000.\000\040\000R\000e\000s\000u\000l\000t\000s}{section.5}% 25
\BOOKMARK [1][-]{section.6}{\376\377\000.\000\040\000D\000i\000s\000c\000u\000s\000s\000i\000o\000n\000s\000\040\000a\000n\000d\000\040\000C\000o\000n\000c\000l\000u\000s\000i\000o\000n}{}% 26
