INFO:  latexindent.pl version 3.23.2, 2023-09-23, a script to indent .tex files
       latexindent.pl lives here: /usr/local/Cellar/latexindent/3.23.2/libexec/bin/
       Fri Sep 29 23:40:25 2023
       Filename: /Users/ziyang/Desktop/DLF/A1/latex/PaperForReview.tex
INFO:  Processing switches:
INFO:  Directory for backup files and indent.log:
       /Users/ziyang/Desktop/DLF/A1/latex
INFO:  Perl modules are being loaded from the following directories:
       /usr/local/opt/perl/lib/perl5/5.36/FindBin.pm
       /usr/local/Cellar/latexindent/3.23.2/libexec/lib/perl5/YAML/Tiny.pm
       /usr/local/opt/perl/lib/perl5/5.36/File/Copy.pm
       /usr/local/opt/perl/lib/perl5/5.36/File/Basename.pm
       /usr/local/opt/perl/lib/perl5/5.36/Getopt/Long.pm
       /usr/local/Cellar/latexindent/3.23.2/libexec/lib/perl5/File/HomeDir.pm
INFO:  LatexIndent perl modules are being loaded from, for example:
       /usr/local/Cellar/latexindent/3.23.2/libexec/lib/perl5/LatexIndent/Document.pm
INFO:  YAML settings read: defaultSettings.yaml
       Reading defaultSettings.yaml from /usr/local/Cellar/latexindent/3.23.2/libexec/bin/defaultSettings.yaml
INFO:  YAML reading settings
       Home directory is /Users/ziyang
       latexindent.pl didn't find indentconfig.yaml or .indentconfig.yaml
       see all possible locations: https://latexindentpl.readthedocs.io/en/latest/sec-appendices.html#indentconfig-options)
INFO:  Phase 1: searching for objects
INFO:  Phase 2: finding surrounding indentation
INFO:  Phase 3: indenting objects
INFO:  Phase 4: final indentation check
INFO:  Output routine:
       Not outputting to file; see -w and -o switches for more options.
       --------------
INFO:  Please direct all communication/issues to:
        https://github.com/cmhughes/latexindent.pl
